{
  "datamodel": {
    "models": [
      {
        "name": "user",
        "dbName": null,
        "schema": null,
        "fields": [
          {
            "name": "id",
            "kind": "scalar",
            "isList": false,
            "isRequired": true,
            "isUnique": false,
            "isId": true,
            "isReadOnly": false,
            "hasDefaultValue": true,
            "type": "String",
            "nativeType": null,
            "default": {
              "name": "uuid",
              "args": [
                4
              ]
            },
            "isGenerated": false,
            "isUpdatedAt": false
          },
          {
            "name": "name",
            "kind": "scalar",
            "isList": false,
            "isRequired": true,
            "isUnique": false,
            "isId": false,
            "isReadOnly": false,
            "hasDefaultValue": false,
            "type": "String",
            "nativeType": null,
            "isGenerated": false,
            "isUpdatedAt": false
          },
          {
            "name": "email",
            "kind": "scalar",
            "isList": false,
            "isRequired": true,
            "isUnique": true,
            "isId": false,
            "isReadOnly": false,
            "hasDefaultValue": false,
            "type": "String",
            "nativeType": null,
            "isGenerated": false,
            "isUpdatedAt": false
          },
          {
            "name": "password",
            "kind": "scalar",
            "isList": false,
            "isRequired": true,
            "isUnique": false,
            "isId": false,
            "isReadOnly": false,
            "hasDefaultValue": false,
            "type": "String",
            "nativeType": null,
            "isGenerated": false,
            "isUpdatedAt": false
          },
          {
            "name": "phone_number",
            "kind": "scalar",
            "isList": false,
            "isRequired": false,
            "isUnique": false,
            "isId": false,
            "isReadOnly": false,
            "hasDefaultValue": false,
            "type": "String",
            "nativeType": null,
            "isGenerated": false,
            "isUpdatedAt": false
          },
          {
            "name": "role",
            "kind": "enum",
            "isList": false,
            "isRequired": true,
            "isUnique": false,
            "isId": false,
            "isReadOnly": false,
            "hasDefaultValue": true,
            "type": "userRole",
            "nativeType": null,
            "default": "USER",
            "isGenerated": false,
            "isUpdatedAt": false
          },
          {
            "name": "refreshToken",
            "kind": "scalar",
            "isList": false,
            "isRequired": false,
            "isUnique": false,
            "isId": false,
            "isReadOnly": false,
            "hasDefaultValue": false,
            "type": "String",
            "nativeType": null,
            "isGenerated": false,
            "isUpdatedAt": false
          },
          {
            "name": "borrowing",
            "kind": "object",
            "isList": true,
            "isRequired": true,
            "isUnique": false,
            "isId": false,
            "isReadOnly": false,
            "hasDefaultValue": false,
            "type": "borrowing",
            "nativeType": null,
            "relationName": "borrowingTouser",
            "relationFromFields": [],
            "relationToFields": [],
            "isGenerated": false,
            "isUpdatedAt": false
          },
          {
            "name": "reservation",
            "kind": "object",
            "isList": true,
            "isRequired": true,
            "isUnique": false,
            "isId": false,
            "isReadOnly": false,
            "hasDefaultValue": false,
            "type": "reservation",
            "nativeType": null,
            "relationName": "reservationTouser",
            "relationFromFields": [],
            "relationToFields": [],
            "isGenerated": false,
            "isUpdatedAt": false
          },
          {
            "name": "cart",
            "kind": "object",
            "isList": true,
            "isRequired": true,
            "isUnique": false,
            "isId": false,
            "isReadOnly": false,
            "hasDefaultValue": false,
            "type": "cart",
            "nativeType": null,
            "relationName": "cartTouser",
            "relationFromFields": [],
            "relationToFields": [],
            "isGenerated": false,
            "isUpdatedAt": false
          },
          {
            "name": "notification",
            "kind": "object",
            "isList": true,
            "isRequired": true,
            "isUnique": false,
            "isId": false,
            "isReadOnly": false,
            "hasDefaultValue": false,
            "type": "notification",
            "nativeType": null,
            "relationName": "notificationTouser",
            "relationFromFields": [],
            "relationToFields": [],
            "isGenerated": false,
            "isUpdatedAt": false
          },
          {
            "name": "finePayment",
            "kind": "object",
            "isList": true,
            "isRequired": true,
            "isUnique": false,
            "isId": false,
            "isReadOnly": false,
            "hasDefaultValue": false,
            "type": "finePayment",
            "nativeType": null,
            "relationName": "finePaymentTouser",
            "relationFromFields": [],
            "relationToFields": [],
            "isGenerated": false,
            "isUpdatedAt": false
          },
          {
            "name": "booksRead",
            "kind": "object",
            "isList": true,
            "isRequired": true,
            "isUnique": false,
            "isId": false,
            "isReadOnly": false,
            "hasDefaultValue": false,
            "type": "booksRead",
            "nativeType": null,
            "relationName": "booksReadTouser",
            "relationFromFields": [],
            "relationToFields": [],
            "isGenerated": false,
            "isUpdatedAt": false
          }
        ],
        "primaryKey": null,
        "uniqueFields": [],
        "uniqueIndexes": [],
        "isGenerated": false
      },
      {
        "name": "book",
        "dbName": null,
        "schema": null,
        "fields": [
          {
            "name": "id",
            "kind": "scalar",
            "isList": false,
            "isRequired": true,
            "isUnique": false,
            "isId": true,
            "isReadOnly": false,
            "hasDefaultValue": true,
            "type": "String",
            "nativeType": null,
            "default": {
              "name": "uuid",
              "args": [
                4
              ]
            },
            "isGenerated": false,
            "isUpdatedAt": false
          },
          {
            "name": "title",
            "kind": "scalar",
            "isList": false,
            "isRequired": true,
            "isUnique": false,
            "isId": false,
            "isReadOnly": false,
            "hasDefaultValue": false,
            "type": "String",
            "nativeType": null,
            "isGenerated": false,
            "isUpdatedAt": false
          },
          {
            "name": "author",
            "kind": "scalar",
            "isList": false,
            "isRequired": true,
            "isUnique": false,
            "isId": false,
            "isReadOnly": false,
            "hasDefaultValue": false,
            "type": "String",
            "nativeType": null,
            "isGenerated": false,
            "isUpdatedAt": false
          },
          {
            "name": "genre",
            "kind": "enum",
            "isList": false,
            "isRequired": true,
            "isUnique": false,
            "isId": false,
            "isReadOnly": false,
            "hasDefaultValue": false,
            "type": "genreEnum",
            "nativeType": null,
            "isGenerated": false,
            "isUpdatedAt": false
          },
          {
            "name": "isbn",
            "kind": "object",
            "isList": true,
            "isRequired": true,
            "isUnique": false,
            "isId": false,
            "isReadOnly": false,
            "hasDefaultValue": false,
            "type": "isbn",
            "nativeType": null,
            "relationName": "bookToisbn",
            "relationFromFields": [],
            "relationToFields": [],
            "isGenerated": false,
            "isUpdatedAt": false
          },
          {
            "name": "publication_year",
            "kind": "scalar",
            "isList": false,
            "isRequired": true,
            "isUnique": false,
            "isId": false,
            "isReadOnly": false,
            "hasDefaultValue": false,
            "type": "DateTime",
            "nativeType": null,
            "isGenerated": false,
            "isUpdatedAt": false
          },
          {
            "name": "status",
            "kind": "enum",
            "isList": false,
            "isRequired": true,
            "isUnique": false,
            "isId": false,
            "isReadOnly": false,
            "hasDefaultValue": true,
            "type": "bookStatusEnum",
            "nativeType": null,
            "default": "Not_available",
            "isGenerated": false,
            "isUpdatedAt": false
          },
          {
            "name": "description",
            "kind": "scalar",
            "isList": false,
            "isRequired": true,
            "isUnique": false,
            "isId": false,
            "isReadOnly": false,
            "hasDefaultValue": false,
            "type": "String",
            "nativeType": null,
            "isGenerated": false,
            "isUpdatedAt": false
          },
          {
            "name": "cover_image",
            "kind": "scalar",
            "isList": false,
            "isRequired": false,
            "isUnique": false,
            "isId": false,
            "isReadOnly": false,
            "hasDefaultValue": false,
            "type": "Bytes",
            "nativeType": null,
            "isGenerated": false,
            "isUpdatedAt": false
          },
          {
            "name": "borrowing",
            "kind": "object",
            "isList": true,
            "isRequired": true,
            "isUnique": false,
            "isId": false,
            "isReadOnly": false,
            "hasDefaultValue": false,
            "type": "borrowing",
            "nativeType": null,
            "relationName": "bookToborrowing",
            "relationFromFields": [],
            "relationToFields": [],
            "isGenerated": false,
            "isUpdatedAt": false
          },
          {
            "name": "reservation",
            "kind": "object",
            "isList": true,
            "isRequired": true,
            "isUnique": false,
            "isId": false,
            "isReadOnly": false,
            "hasDefaultValue": false,
            "type": "reservation",
            "nativeType": null,
            "relationName": "bookToreservation",
            "relationFromFields": [],
            "relationToFields": [],
            "isGenerated": false,
            "isUpdatedAt": false
          },
          {
            "name": "cart",
            "kind": "object",
            "isList": true,
            "isRequired": true,
            "isUnique": false,
            "isId": false,
            "isReadOnly": false,
            "hasDefaultValue": false,
            "type": "cart",
            "nativeType": null,
            "relationName": "bookTocart",
            "relationFromFields": [],
            "relationToFields": [],
            "isGenerated": false,
            "isUpdatedAt": false
          },
          {
            "name": "booksRead",
            "kind": "object",
            "isList": true,
            "isRequired": true,
            "isUnique": false,
            "isId": false,
            "isReadOnly": false,
            "hasDefaultValue": false,
            "type": "booksRead",
            "nativeType": null,
            "relationName": "bookTobooksRead",
            "relationFromFields": [],
            "relationToFields": [],
            "isGenerated": false,
            "isUpdatedAt": false
          }
        ],
        "primaryKey": null,
        "uniqueFields": [],
        "uniqueIndexes": [],
        "isGenerated": false
      },
      {
        "name": "isbn",
        "dbName": null,
        "schema": null,
        "fields": [
          {
            "name": "isbn",
            "kind": "scalar",
            "isList": false,
            "isRequired": true,
            "isUnique": false,
            "isId": true,
            "isReadOnly": false,
            "hasDefaultValue": false,
            "type": "String",
            "nativeType": null,
            "isGenerated": false,
            "isUpdatedAt": false
          },
          {
            "name": "bookId",
            "kind": "scalar",
            "isList": false,
            "isRequired": true,
            "isUnique": false,
            "isId": false,
            "isReadOnly": true,
            "hasDefaultValue": false,
            "type": "String",
            "nativeType": null,
            "isGenerated": false,
            "isUpdatedAt": false
          },
          {
            "name": "book",
            "kind": "object",
            "isList": false,
            "isRequired": true,
            "isUnique": false,
            "isId": false,
            "isReadOnly": false,
            "hasDefaultValue": false,
            "type": "book",
            "nativeType": null,
            "relationName": "bookToisbn",
            "relationFromFields": [
              "bookId"
            ],
            "relationToFields": [
              "id"
            ],
            "isGenerated": false,
            "isUpdatedAt": false
          }
        ],
        "primaryKey": null,
        "uniqueFields": [],
        "uniqueIndexes": [],
        "isGenerated": false
      },
      {
        "name": "borrowing",
        "dbName": null,
        "schema": null,
        "fields": [
          {
            "name": "id",
            "kind": "scalar",
            "isList": false,
            "isRequired": true,
            "isUnique": false,
            "isId": true,
            "isReadOnly": false,
            "hasDefaultValue": true,
            "type": "String",
            "nativeType": null,
            "default": {
              "name": "uuid",
              "args": [
                4
              ]
            },
            "isGenerated": false,
            "isUpdatedAt": false
          },
          {
            "name": "user_id",
            "kind": "scalar",
            "isList": false,
            "isRequired": true,
            "isUnique": false,
            "isId": false,
            "isReadOnly": true,
            "hasDefaultValue": false,
            "type": "String",
            "nativeType": null,
            "isGenerated": false,
            "isUpdatedAt": false
          },
          {
            "name": "user",
            "kind": "object",
            "isList": false,
            "isRequired": true,
            "isUnique": false,
            "isId": false,
            "isReadOnly": false,
            "hasDefaultValue": false,
            "type": "user",
            "nativeType": null,
            "relationName": "borrowingTouser",
            "relationFromFields": [
              "user_id"
            ],
            "relationToFields": [
              "id"
            ],
            "isGenerated": false,
            "isUpdatedAt": false
          },
          {
            "name": "book_id",
            "kind": "scalar",
            "isList": false,
            "isRequired": true,
            "isUnique": false,
            "isId": false,
            "isReadOnly": true,
            "hasDefaultValue": false,
            "type": "String",
            "nativeType": null,
            "isGenerated": false,
            "isUpdatedAt": false
          },
          {
            "name": "book",
            "kind": "object",
            "isList": false,
            "isRequired": true,
            "isUnique": false,
            "isId": false,
            "isReadOnly": false,
            "hasDefaultValue": false,
            "type": "book",
            "nativeType": null,
            "relationName": "bookToborrowing",
            "relationFromFields": [
              "book_id"
            ],
            "relationToFields": [
              "id"
            ],
            "isGenerated": false,
            "isUpdatedAt": false
          },
          {
            "name": "borrow_date",
            "kind": "scalar",
            "isList": false,
            "isRequired": true,
            "isUnique": false,
            "isId": false,
            "isReadOnly": false,
            "hasDefaultValue": true,
            "type": "DateTime",
            "nativeType": null,
            "default": {
              "name": "now",
              "args": []
            },
            "isGenerated": false,
            "isUpdatedAt": false
          },
          {
            "name": "due_date",
            "kind": "scalar",
            "isList": false,
            "isRequired": true,
            "isUnique": false,
            "isId": false,
            "isReadOnly": false,
            "hasDefaultValue": false,
            "type": "DateTime",
            "nativeType": null,
            "isGenerated": false,
            "isUpdatedAt": false
          },
          {
            "name": "return_date",
            "kind": "scalar",
            "isList": false,
            "isRequired": false,
            "isUnique": false,
            "isId": false,
            "isReadOnly": false,
            "hasDefaultValue": false,
            "type": "DateTime",
            "nativeType": null,
            "isGenerated": false,
            "isUpdatedAt": false
          },
          {
            "name": "returned",
            "kind": "scalar",
            "isList": false,
            "isRequired": true,
            "isUnique": false,
            "isId": false,
            "isReadOnly": false,
            "hasDefaultValue": true,
            "type": "Boolean",
            "nativeType": null,
            "default": false,
            "isGenerated": false,
            "isUpdatedAt": false
          },
          {
            "name": "fine_amount",
            "kind": "scalar",
            "isList": false,
            "isRequired": false,
            "isUnique": false,
            "isId": false,
            "isReadOnly": false,
            "hasDefaultValue": false,
            "type": "Int",
            "nativeType": null,
            "isGenerated": false,
            "isUpdatedAt": false
          }
        ],
        "primaryKey": null,
        "uniqueFields": [],
        "uniqueIndexes": [],
        "isGenerated": false
      },
      {
        "name": "reservation",
        "dbName": null,
        "schema": null,
        "fields": [
          {
            "name": "id",
            "kind": "scalar",
            "isList": false,
            "isRequired": true,
            "isUnique": false,
            "isId": true,
            "isReadOnly": false,
            "hasDefaultValue": true,
            "type": "String",
            "nativeType": null,
            "default": {
              "name": "uuid",
              "args": [
                4
              ]
            },
            "isGenerated": false,
            "isUpdatedAt": false
          },
          {
            "name": "user_id",
            "kind": "scalar",
            "isList": false,
            "isRequired": true,
            "isUnique": false,
            "isId": false,
            "isReadOnly": true,
            "hasDefaultValue": false,
            "type": "String",
            "nativeType": null,
            "isGenerated": false,
            "isUpdatedAt": false
          },
          {
            "name": "user",
            "kind": "object",
            "isList": false,
            "isRequired": true,
            "isUnique": false,
            "isId": false,
            "isReadOnly": false,
            "hasDefaultValue": false,
            "type": "user",
            "nativeType": null,
            "relationName": "reservationTouser",
            "relationFromFields": [
              "user_id"
            ],
            "relationToFields": [
              "id"
            ],
            "isGenerated": false,
            "isUpdatedAt": false
          },
          {
            "name": "book_id",
            "kind": "scalar",
            "isList": false,
            "isRequired": true,
            "isUnique": false,
            "isId": false,
            "isReadOnly": true,
            "hasDefaultValue": false,
            "type": "String",
            "nativeType": null,
            "isGenerated": false,
            "isUpdatedAt": false
          },
          {
            "name": "book",
            "kind": "object",
            "isList": false,
            "isRequired": true,
            "isUnique": false,
            "isId": false,
            "isReadOnly": false,
            "hasDefaultValue": false,
            "type": "book",
            "nativeType": null,
            "relationName": "bookToreservation",
            "relationFromFields": [
              "book_id"
            ],
            "relationToFields": [
              "id"
            ],
            "isGenerated": false,
            "isUpdatedAt": false
          },
          {
            "name": "reservation_date",
            "kind": "scalar",
            "isList": false,
            "isRequired": true,
            "isUnique": false,
            "isId": false,
            "isReadOnly": false,
            "hasDefaultValue": true,
            "type": "DateTime",
            "nativeType": null,
            "default": {
              "name": "now",
              "args": []
            },
            "isGenerated": false,
            "isUpdatedAt": false
          },
          {
            "name": "reservation_status",
            "kind": "enum",
            "isList": false,
            "isRequired": true,
            "isUnique": false,
            "isId": false,
            "isReadOnly": false,
            "hasDefaultValue": true,
            "type": "reservationStatusEnum",
            "nativeType": null,
            "default": "Not_collected",
            "isGenerated": false,
            "isUpdatedAt": false
          }
        ],
        "primaryKey": null,
        "uniqueFields": [],
        "uniqueIndexes": [],
        "isGenerated": false
      },
      {
        "name": "cart",
        "dbName": null,
        "schema": null,
        "fields": [
          {
            "name": "id",
            "kind": "scalar",
            "isList": false,
            "isRequired": true,
            "isUnique": false,
            "isId": true,
            "isReadOnly": false,
            "hasDefaultValue": true,
            "type": "String",
            "nativeType": null,
            "default": {
              "name": "uuid",
              "args": [
                4
              ]
            },
            "isGenerated": false,
            "isUpdatedAt": false
          },
          {
            "name": "user_id",
            "kind": "scalar",
            "isList": false,
            "isRequired": true,
            "isUnique": false,
            "isId": false,
            "isReadOnly": true,
            "hasDefaultValue": false,
            "type": "String",
            "nativeType": null,
            "isGenerated": false,
            "isUpdatedAt": false
          },
          {
            "name": "user",
            "kind": "object",
            "isList": false,
            "isRequired": true,
            "isUnique": false,
            "isId": false,
            "isReadOnly": false,
            "hasDefaultValue": false,
            "type": "user",
            "nativeType": null,
            "relationName": "cartTouser",
            "relationFromFields": [
              "user_id"
            ],
            "relationToFields": [
              "id"
            ],
            "isGenerated": false,
            "isUpdatedAt": false
          },
          {
            "name": "book_id",
            "kind": "scalar",
            "isList": false,
            "isRequired": true,
            "isUnique": false,
            "isId": false,
            "isReadOnly": true,
            "hasDefaultValue": false,
            "type": "String",
            "nativeType": null,
            "isGenerated": false,
            "isUpdatedAt": false
          },
          {
            "name": "book",
            "kind": "object",
            "isList": false,
            "isRequired": true,
            "isUnique": false,
            "isId": false,
            "isReadOnly": false,
            "hasDefaultValue": false,
            "type": "book",
            "nativeType": null,
            "relationName": "bookTocart",
            "relationFromFields": [
              "book_id"
            ],
            "relationToFields": [
              "id"
            ],
            "isGenerated": false,
            "isUpdatedAt": false
          },
          {
            "name": "added_date",
            "kind": "scalar",
            "isList": false,
            "isRequired": true,
            "isUnique": false,
            "isId": false,
            "isReadOnly": false,
            "hasDefaultValue": true,
            "type": "DateTime",
            "nativeType": null,
            "default": {
              "name": "now",
              "args": []
            },
            "isGenerated": false,
            "isUpdatedAt": false
          }
        ],
        "primaryKey": null,
        "uniqueFields": [],
        "uniqueIndexes": [],
        "isGenerated": false
      },
      {
        "name": "notification",
        "dbName": null,
        "schema": null,
        "fields": [
          {
            "name": "id",
            "kind": "scalar",
            "isList": false,
            "isRequired": true,
            "isUnique": false,
            "isId": true,
            "isReadOnly": false,
            "hasDefaultValue": true,
            "type": "String",
            "nativeType": null,
            "default": {
              "name": "uuid",
              "args": [
                4
              ]
            },
            "isGenerated": false,
            "isUpdatedAt": false
          },
          {
            "name": "user_id",
            "kind": "scalar",
            "isList": false,
            "isRequired": true,
            "isUnique": false,
            "isId": false,
            "isReadOnly": true,
            "hasDefaultValue": false,
            "type": "String",
            "nativeType": null,
            "isGenerated": false,
            "isUpdatedAt": false
          },
          {
            "name": "user",
            "kind": "object",
            "isList": false,
            "isRequired": true,
            "isUnique": false,
            "isId": false,
            "isReadOnly": false,
            "hasDefaultValue": false,
            "type": "user",
            "nativeType": null,
            "relationName": "notificationTouser",
            "relationFromFields": [
              "user_id"
            ],
            "relationToFields": [
              "id"
            ],
            "isGenerated": false,
            "isUpdatedAt": false
          },
          {
            "name": "type",
            "kind": "enum",
            "isList": false,
            "isRequired": true,
            "isUnique": false,
            "isId": false,
            "isReadOnly": false,
            "hasDefaultValue": false,
            "type": "notificationType",
            "nativeType": null,
            "isGenerated": false,
            "isUpdatedAt": false
          },
          {
            "name": "content",
            "kind": "scalar",
            "isList": false,
            "isRequired": true,
            "isUnique": false,
            "isId": false,
            "isReadOnly": false,
            "hasDefaultValue": false,
            "type": "String",
            "nativeType": [
              "Text",
              []
            ],
            "isGenerated": false,
            "isUpdatedAt": false
          },
          {
            "name": "is_read",
            "kind": "scalar",
            "isList": false,
            "isRequired": true,
            "isUnique": false,
            "isId": false,
            "isReadOnly": false,
            "hasDefaultValue": true,
            "type": "Boolean",
            "nativeType": null,
            "default": false,
            "isGenerated": false,
            "isUpdatedAt": false
          }
        ],
        "primaryKey": null,
        "uniqueFields": [],
        "uniqueIndexes": [],
        "isGenerated": false
      },
      {
        "name": "finePayment",
        "dbName": null,
        "schema": null,
        "fields": [
          {
            "name": "id",
            "kind": "scalar",
            "isList": false,
            "isRequired": true,
            "isUnique": false,
            "isId": true,
            "isReadOnly": false,
            "hasDefaultValue": true,
            "type": "String",
            "nativeType": null,
            "default": {
              "name": "uuid",
              "args": [
                4
              ]
            },
            "isGenerated": false,
            "isUpdatedAt": false
          },
          {
            "name": "user_id",
            "kind": "scalar",
            "isList": false,
            "isRequired": true,
            "isUnique": false,
            "isId": false,
            "isReadOnly": true,
            "hasDefaultValue": false,
            "type": "String",
            "nativeType": null,
            "isGenerated": false,
            "isUpdatedAt": false
          },
          {
            "name": "user",
            "kind": "object",
            "isList": false,
            "isRequired": true,
            "isUnique": false,
            "isId": false,
            "isReadOnly": false,
            "hasDefaultValue": false,
            "type": "user",
            "nativeType": null,
            "relationName": "finePaymentTouser",
            "relationFromFields": [
              "user_id"
            ],
            "relationToFields": [
              "id"
            ],
            "isGenerated": false,
            "isUpdatedAt": false
          },
          {
            "name": "amount",
            "kind": "scalar",
            "isList": false,
            "isRequired": true,
            "isUnique": false,
            "isId": false,
            "isReadOnly": false,
            "hasDefaultValue": false,
            "type": "Float",
            "nativeType": null,
            "isGenerated": false,
            "isUpdatedAt": false
          },
          {
            "name": "paymentDate",
            "kind": "scalar",
            "isList": false,
            "isRequired": true,
            "isUnique": false,
            "isId": false,
            "isReadOnly": false,
            "hasDefaultValue": true,
            "type": "DateTime",
            "nativeType": null,
            "default": {
              "name": "now",
              "args": []
            },
            "isGenerated": false,
            "isUpdatedAt": false
          }
        ],
        "primaryKey": null,
        "uniqueFields": [],
        "uniqueIndexes": [],
        "isGenerated": false
      },
      {
        "name": "booksRead",
        "dbName": null,
        "schema": null,
        "fields": [
          {
            "name": "id",
            "kind": "scalar",
            "isList": false,
            "isRequired": true,
            "isUnique": false,
            "isId": true,
            "isReadOnly": false,
            "hasDefaultValue": true,
            "type": "String",
            "nativeType": null,
            "default": {
              "name": "uuid",
              "args": [
                4
              ]
            },
            "isGenerated": false,
            "isUpdatedAt": false
          },
          {
            "name": "user_id",
            "kind": "scalar",
            "isList": false,
            "isRequired": true,
            "isUnique": false,
            "isId": false,
            "isReadOnly": true,
            "hasDefaultValue": false,
            "type": "String",
            "nativeType": null,
            "isGenerated": false,
            "isUpdatedAt": false
          },
          {
            "name": "user",
            "kind": "object",
            "isList": false,
            "isRequired": true,
            "isUnique": false,
            "isId": false,
            "isReadOnly": false,
            "hasDefaultValue": false,
            "type": "user",
            "nativeType": null,
            "relationName": "booksReadTouser",
            "relationFromFields": [
              "user_id"
            ],
            "relationToFields": [
              "id"
            ],
            "isGenerated": false,
            "isUpdatedAt": false
          },
          {
            "name": "book_id",
            "kind": "scalar",
            "isList": false,
            "isRequired": true,
            "isUnique": false,
            "isId": false,
            "isReadOnly": true,
            "hasDefaultValue": false,
            "type": "String",
            "nativeType": null,
            "isGenerated": false,
            "isUpdatedAt": false
          },
          {
            "name": "book",
            "kind": "object",
            "isList": false,
            "isRequired": true,
            "isUnique": false,
            "isId": false,
            "isReadOnly": false,
            "hasDefaultValue": false,
            "type": "book",
            "nativeType": null,
            "relationName": "bookTobooksRead",
            "relationFromFields": [
              "book_id"
            ],
            "relationToFields": [
              "id"
            ],
            "isGenerated": false,
            "isUpdatedAt": false
          },
          {
            "name": "finished",
            "kind": "scalar",
            "isList": false,
            "isRequired": true,
            "isUnique": false,
            "isId": false,
            "isReadOnly": false,
            "hasDefaultValue": true,
            "type": "Boolean",
            "nativeType": null,
            "default": false,
            "isGenerated": false,
            "isUpdatedAt": false
          },
          {
            "name": "rating",
            "kind": "scalar",
            "isList": false,
            "isRequired": false,
            "isUnique": false,
            "isId": false,
            "isReadOnly": false,
            "hasDefaultValue": false,
            "type": "Int",
            "nativeType": null,
            "isGenerated": false,
            "isUpdatedAt": false
          },
          {
            "name": "review",
            "kind": "scalar",
            "isList": false,
            "isRequired": false,
            "isUnique": false,
            "isId": false,
            "isReadOnly": false,
            "hasDefaultValue": false,
            "type": "String",
            "nativeType": null,
            "isGenerated": false,
            "isUpdatedAt": false
          }
        ],
        "primaryKey": null,
        "uniqueFields": [],
        "uniqueIndexes": [],
        "isGenerated": false
      }
    ],
    "enums": [
      {
        "name": "userRole",
        "values": [
          {
            "name": "ADMIN",
            "dbName": null
          },
          {
            "name": "LIBRARIAN",
            "dbName": null
          },
          {
            "name": "USER",
            "dbName": null
          }
        ],
        "dbName": null
      },
      {
        "name": "genreEnum",
        "values": [
          {
            "name": "Fiction",
            "dbName": null
          },
          {
            "name": "Non_Fiction",
            "dbName": null
          },
          {
            "name": "Science_Fiction",
            "dbName": null
          },
          {
            "name": "Fantasy",
            "dbName": null
          },
          {
            "name": "Mystery",
            "dbName": null
          },
          {
            "name": "Romance",
            "dbName": null
          },
          {
            "name": "Thriller",
            "dbName": null
          },
          {
            "name": "Biography",
            "dbName": null
          },
          {
            "name": "Historical",
            "dbName": null
          },
          {
            "name": "Self_Help",
            "dbName": null
          }
        ],
        "dbName": null
      },
      {
        "name": "bookStatusEnum",
        "values": [
          {
            "name": "Available",
            "dbName": null
          },
          {
            "name": "Not_available",
            "dbName": null
          }
        ],
        "dbName": null
      },
      {
        "name": "reservationStatusEnum",
        "values": [
          {
            "name": "Collected",
            "dbName": null
          },
          {
            "name": "Not_collected",
            "dbName": null
          }
        ],
        "dbName": null
      },
      {
        "name": "notificationType",
        "values": [
          {
            "name": "DUE_DATE",
            "dbName": null
          },
          {
            "name": "FINE",
            "dbName": null
          },
          {
            "name": "RESERVATION",
            "dbName": null
          }
        ],
        "dbName": null
      }
    ],
    "types": []
  }
}